[28-Apr-2022 13:01:16 UTC] PHP Parse error:  syntax error, unexpected ';', expecting ')' in /Users/krlmhkl/Local Sites/pilots/app/public/wp-content/themes/test-theme/functions.php on line 16
[28-Apr-2022 13:01:16 UTC] PHP Parse error:  syntax error, unexpected ';', expecting ')' in /Users/krlmhkl/Local Sites/pilots/app/public/wp-content/themes/test-theme/functions.php on line 16
[28-Apr-2022 13:24:59 UTC] PHP Parse error:  syntax error, unexpected 'function' (T_FUNCTION) in /Users/krlmhkl/Local Sites/pilots/app/public/wp-content/themes/test-theme/functions.php on line 9
[28-Apr-2022 13:24:59 UTC] PHP Parse error:  syntax error, unexpected 'function' (T_FUNCTION) in /Users/krlmhkl/Local Sites/pilots/app/public/wp-content/themes/test-theme/functions.php on line 9
[28-Apr-2022 13:56:48 UTC] PHP Parse error:  syntax error, unexpected ')' in /Users/krlmhkl/Local Sites/pilots/app/public/wp-content/themes/test-theme/functions.php on line 15
[28-Apr-2022 22:27:04 UTC] PHP Warning:  call_user_func_array() expects parameter 1 to be a valid callback, function 'config_custom_logo' not found or invalid function name in /Users/krlmhkl/Local Sites/pilots/app/public/wp-includes/class-wp-hook.php on line 307
[28-Apr-2022 22:27:04 UTC] PHP Stack trace:
[28-Apr-2022 22:27:04 UTC] PHP   1. {main}() /Users/krlmhkl/Local Sites/pilots/app/public/wp-admin/admin-ajax.php:0
[28-Apr-2022 22:27:04 UTC] PHP   2. require_once() /Users/krlmhkl/Local Sites/pilots/app/public/wp-admin/admin-ajax.php:22
[28-Apr-2022 22:27:04 UTC] PHP   3. require_once() /Users/krlmhkl/Local Sites/pilots/app/public/wp-load.php:50
[28-Apr-2022 22:27:04 UTC] PHP   4. require_once() /Users/krlmhkl/Local Sites/pilots/app/public/wp-config.php:91
[28-Apr-2022 22:27:04 UTC] PHP   5. do_action() /Users/krlmhkl/Local Sites/pilots/app/public/wp-settings.php:565
[28-Apr-2022 22:27:04 UTC] PHP   6. WP_Hook->do_action() /Users/krlmhkl/Local Sites/pilots/app/public/wp-includes/plugin.php:474
[28-Apr-2022 22:27:04 UTC] PHP   7. WP_Hook->apply_filters() /Users/krlmhkl/Local Sites/pilots/app/public/wp-includes/class-wp-hook.php:331
[28-Apr-2022 22:27:05 UTC] PHP Warning:  call_user_func_array() expects parameter 1 to be a valid callback, function 'config_custom_logo' not found or invalid function name in /Users/krlmhkl/Local Sites/pilots/app/public/wp-includes/class-wp-hook.php on line 307
[28-Apr-2022 22:27:05 UTC] PHP Stack trace:
[28-Apr-2022 22:27:05 UTC] PHP   1. {main}() /Users/krlmhkl/Local Sites/pilots/app/public/wp-admin/themes.php:0
[28-Apr-2022 22:27:05 UTC] PHP   2. require_once() /Users/krlmhkl/Local Sites/pilots/app/public/wp-admin/themes.php:10
[28-Apr-2022 22:27:05 UTC] PHP   3. require_once() /Users/krlmhkl/Local Sites/pilots/app/public/wp-admin/admin.php:34
[28-Apr-2022 22:27:05 UTC] PHP   4. require_once() /Users/krlmhkl/Local Sites/pilots/app/public/wp-load.php:50
[28-Apr-2022 22:27:05 UTC] PHP   5. require_once() /Users/krlmhkl/Local Sites/pilots/app/public/wp-config.php:91
[28-Apr-2022 22:27:05 UTC] PHP   6. do_action() /Users/krlmhkl/Local Sites/pilots/app/public/wp-settings.php:565
[28-Apr-2022 22:27:05 UTC] PHP   7. WP_Hook->do_action() /Users/krlmhkl/Local Sites/pilots/app/public/wp-includes/plugin.php:474
[28-Apr-2022 22:27:05 UTC] PHP   8. WP_Hook->apply_filters() /Users/krlmhkl/Local Sites/pilots/app/public/wp-includes/class-wp-hook.php:331
[28-Apr-2022 22:27:06 UTC] PHP Warning:  call_user_func_array() expects parameter 1 to be a valid callback, function 'config_custom_logo' not found or invalid function name in /Users/krlmhkl/Local Sites/pilots/app/public/wp-includes/class-wp-hook.php on line 307
[28-Apr-2022 22:27:06 UTC] PHP Stack trace:
[28-Apr-2022 22:27:06 UTC] PHP   1. {main}() /Users/krlmhkl/Local Sites/pilots/app/public/index.php:0
[28-Apr-2022 22:27:06 UTC] PHP   2. require() /Users/krlmhkl/Local Sites/pilots/app/public/index.php:17
[28-Apr-2022 22:27:06 UTC] PHP   3. require_once() /Users/krlmhkl/Local Sites/pilots/app/public/wp-blog-header.php:13
[28-Apr-2022 22:27:06 UTC] PHP   4. require_once() /Users/krlmhkl/Local Sites/pilots/app/public/wp-load.php:50
[28-Apr-2022 22:27:06 UTC] PHP   5. require_once() /Users/krlmhkl/Local Sites/pilots/app/public/wp-config.php:91
[28-Apr-2022 22:27:06 UTC] PHP   6. do_action() /Users/krlmhkl/Local Sites/pilots/app/public/wp-settings.php:565
[28-Apr-2022 22:27:06 UTC] PHP   7. WP_Hook->do_action() /Users/krlmhkl/Local Sites/pilots/app/public/wp-includes/plugin.php:474
[28-Apr-2022 22:27:06 UTC] PHP   8. WP_Hook->apply_filters() /Users/krlmhkl/Local Sites/pilots/app/public/wp-includes/class-wp-hook.php:331
[28-Apr-2022 22:27:28 UTC] PHP Warning:  call_user_func_array() expects parameter 1 to be a valid callback, function 'config_custom_logo' not found or invalid function name in /Users/krlmhkl/Local Sites/pilots/app/public/wp-includes/class-wp-hook.php on line 307
[28-Apr-2022 22:27:28 UTC] PHP Stack trace:
[28-Apr-2022 22:27:28 UTC] PHP   1. {main}() /Users/krlmhkl/Local Sites/pilots/app/public/wp-admin/themes.php:0
[28-Apr-2022 22:27:28 UTC] PHP   2. require_once() /Users/krlmhkl/Local Sites/pilots/app/public/wp-admin/themes.php:10
[28-Apr-2022 22:27:28 UTC] PHP   3. require_once() /Users/krlmhkl/Local Sites/pilots/app/public/wp-admin/admin.php:34
[28-Apr-2022 22:27:28 UTC] PHP   4. require_once() /Users/krlmhkl/Local Sites/pilots/app/public/wp-load.php:50
[28-Apr-2022 22:27:28 UTC] PHP   5. require_once() /Users/krlmhkl/Local Sites/pilots/app/public/wp-config.php:91
[28-Apr-2022 22:27:28 UTC] PHP   6. do_action() /Users/krlmhkl/Local Sites/pilots/app/public/wp-settings.php:565
[28-Apr-2022 22:27:28 UTC] PHP   7. WP_Hook->do_action() /Users/krlmhkl/Local Sites/pilots/app/public/wp-includes/plugin.php:474
[28-Apr-2022 22:27:28 UTC] PHP   8. WP_Hook->apply_filters() /Users/krlmhkl/Local Sites/pilots/app/public/wp-includes/class-wp-hook.php:331
[28-Apr-2022 22:27:29 UTC] PHP Warning:  call_user_func_array() expects parameter 1 to be a valid callback, function 'config_custom_logo' not found or invalid function name in /Users/krlmhkl/Local Sites/pilots/app/public/wp-includes/class-wp-hook.php on line 307
[28-Apr-2022 22:27:29 UTC] PHP Stack trace:
[28-Apr-2022 22:27:29 UTC] PHP   1. {main}() /Users/krlmhkl/Local Sites/pilots/app/public/index.php:0
[28-Apr-2022 22:27:29 UTC] PHP   2. require() /Users/krlmhkl/Local Sites/pilots/app/public/index.php:17
[28-Apr-2022 22:27:29 UTC] PHP   3. require_once() /Users/krlmhkl/Local Sites/pilots/app/public/wp-blog-header.php:13
[28-Apr-2022 22:27:29 UTC] PHP   4. require_once() /Users/krlmhkl/Local Sites/pilots/app/public/wp-load.php:50
[28-Apr-2022 22:27:29 UTC] PHP   5. require_once() /Users/krlmhkl/Local Sites/pilots/app/public/wp-config.php:91
[28-Apr-2022 22:27:29 UTC] PHP   6. do_action() /Users/krlmhkl/Local Sites/pilots/app/public/wp-settings.php:565
[28-Apr-2022 22:27:29 UTC] PHP   7. WP_Hook->do_action() /Users/krlmhkl/Local Sites/pilots/app/public/wp-includes/plugin.php:474
[28-Apr-2022 22:27:29 UTC] PHP   8. WP_Hook->apply_filters() /Users/krlmhkl/Local Sites/pilots/app/public/wp-includes/class-wp-hook.php:331
[28-Apr-2022 22:27:32 UTC] PHP Warning:  call_user_func_array() expects parameter 1 to be a valid callback, function 'config_custom_logo' not found or invalid function name in /Users/krlmhkl/Local Sites/pilots/app/public/wp-includes/class-wp-hook.php on line 307
[28-Apr-2022 22:27:32 UTC] PHP Stack trace:
[28-Apr-2022 22:27:32 UTC] PHP   1. {main}() /Users/krlmhkl/Local Sites/pilots/app/public/wp-admin/customize.php:0
[28-Apr-2022 22:27:32 UTC] PHP   2. require_once() /Users/krlmhkl/Local Sites/pilots/app/public/wp-admin/customize.php:13
[28-Apr-2022 22:27:32 UTC] PHP   3. require_once() /Users/krlmhkl/Local Sites/pilots/app/public/wp-admin/admin.php:34
[28-Apr-2022 22:27:32 UTC] PHP   4. require_once() /Users/krlmhkl/Local Sites/pilots/app/public/wp-load.php:50
[28-Apr-2022 22:27:32 UTC] PHP   5. require_once() /Users/krlmhkl/Local Sites/pilots/app/public/wp-config.php:91
[28-Apr-2022 22:27:32 UTC] PHP   6. do_action() /Users/krlmhkl/Local Sites/pilots/app/public/wp-settings.php:565
[28-Apr-2022 22:27:32 UTC] PHP   7. WP_Hook->do_action() /Users/krlmhkl/Local Sites/pilots/app/public/wp-includes/plugin.php:474
[28-Apr-2022 22:27:32 UTC] PHP   8. WP_Hook->apply_filters() /Users/krlmhkl/Local Sites/pilots/app/public/wp-includes/class-wp-hook.php:331
[28-Apr-2022 22:27:34 UTC] PHP Warning:  call_user_func_array() expects parameter 1 to be a valid callback, function 'config_custom_logo' not found or invalid function name in /Users/krlmhkl/Local Sites/pilots/app/public/wp-includes/class-wp-hook.php on line 307
[28-Apr-2022 22:27:34 UTC] PHP Stack trace:
[28-Apr-2022 22:27:34 UTC] PHP   1. {main}() /Users/krlmhkl/Local Sites/pilots/app/public/index.php:0
[28-Apr-2022 22:27:34 UTC] PHP   2. require() /Users/krlmhkl/Local Sites/pilots/app/public/index.php:17
[28-Apr-2022 22:27:34 UTC] PHP   3. require_once() /Users/krlmhkl/Local Sites/pilots/app/public/wp-blog-header.php:13
[28-Apr-2022 22:27:34 UTC] PHP   4. require_once() /Users/krlmhkl/Local Sites/pilots/app/public/wp-load.php:50
[28-Apr-2022 22:27:34 UTC] PHP   5. require_once() /Users/krlmhkl/Local Sites/pilots/app/public/wp-config.php:91
[28-Apr-2022 22:27:34 UTC] PHP   6. do_action() /Users/krlmhkl/Local Sites/pilots/app/public/wp-settings.php:565
[28-Apr-2022 22:27:34 UTC] PHP   7. WP_Hook->do_action() /Users/krlmhkl/Local Sites/pilots/app/public/wp-includes/plugin.php:474
[28-Apr-2022 22:27:34 UTC] PHP   8. WP_Hook->apply_filters() /Users/krlmhkl/Local Sites/pilots/app/public/wp-includes/class-wp-hook.php:331
[28-Apr-2022 22:27:34 UTC] PHP Warning:  call_user_func_array() expects parameter 1 to be a valid callback, function 'config_custom_logo' not found or invalid function name in /Users/krlmhkl/Local Sites/pilots/app/public/wp-includes/class-wp-hook.php on line 307
[28-Apr-2022 22:27:34 UTC] PHP Stack trace:
[28-Apr-2022 22:27:34 UTC] PHP   1. {main}() /Users/krlmhkl/Local Sites/pilots/app/public/index.php:0
[28-Apr-2022 22:27:34 UTC] PHP   2. require() /Users/krlmhkl/Local Sites/pilots/app/public/index.php:17
[28-Apr-2022 22:27:34 UTC] PHP   3. require_once() /Users/krlmhkl/Local Sites/pilots/app/public/wp-blog-header.php:13
[28-Apr-2022 22:27:34 UTC] PHP   4. require_once() /Users/krlmhkl/Local Sites/pilots/app/public/wp-load.php:50
[28-Apr-2022 22:27:34 UTC] PHP   5. require_once() /Users/krlmhkl/Local Sites/pilots/app/public/wp-config.php:91
[28-Apr-2022 22:27:34 UTC] PHP   6. do_action() /Users/krlmhkl/Local Sites/pilots/app/public/wp-settings.php:565
[28-Apr-2022 22:27:34 UTC] PHP   7. WP_Hook->do_action() /Users/krlmhkl/Local Sites/pilots/app/public/wp-includes/plugin.php:474
[28-Apr-2022 22:27:34 UTC] PHP   8. WP_Hook->apply_filters() /Users/krlmhkl/Local Sites/pilots/app/public/wp-includes/class-wp-hook.php:331
[28-Apr-2022 22:27:34 UTC] PHP Warning:  call_user_func_array() expects parameter 1 to be a valid callback, function 'config_custom_logo' not found or invalid function name in /Users/krlmhkl/Local Sites/pilots/app/public/wp-includes/class-wp-hook.php on line 307
[28-Apr-2022 22:27:34 UTC] PHP Stack trace:
[28-Apr-2022 22:27:34 UTC] PHP   1. {main}() /Users/krlmhkl/Local Sites/pilots/app/public/index.php:0
[28-Apr-2022 22:27:34 UTC] PHP   2. require() /Users/krlmhkl/Local Sites/pilots/app/public/index.php:17
[28-Apr-2022 22:27:34 UTC] PHP   3. require_once() /Users/krlmhkl/Local Sites/pilots/app/public/wp-blog-header.php:13
[28-Apr-2022 22:27:34 UTC] PHP   4. require_once() /Users/krlmhkl/Local Sites/pilots/app/public/wp-load.php:50
[28-Apr-2022 22:27:34 UTC] PHP   5. require_once() /Users/krlmhkl/Local Sites/pilots/app/public/wp-config.php:91
[28-Apr-2022 22:27:34 UTC] PHP   6. do_action() /Users/krlmhkl/Local Sites/pilots/app/public/wp-settings.php:565
[28-Apr-2022 22:27:34 UTC] PHP   7. WP_Hook->do_action() /Users/krlmhkl/Local Sites/pilots/app/public/wp-includes/plugin.php:474
[28-Apr-2022 22:27:34 UTC] PHP   8. WP_Hook->apply_filters() /Users/krlmhkl/Local Sites/pilots/app/public/wp-includes/class-wp-hook.php:331
[28-Apr-2022 22:27:35 UTC] PHP Warning:  call_user_func_array() expects parameter 1 to be a valid callback, function 'config_custom_logo' not found or invalid function name in /Users/krlmhkl/Local Sites/pilots/app/public/wp-includes/class-wp-hook.php on line 307
[28-Apr-2022 22:27:35 UTC] PHP Stack trace:
[28-Apr-2022 22:27:35 UTC] PHP   1. {main}() /Users/krlmhkl/Local Sites/pilots/app/public/index.php:0
[28-Apr-2022 22:27:35 UTC] PHP   2. require() /Users/krlmhkl/Local Sites/pilots/app/public/index.php:17
[28-Apr-2022 22:27:35 UTC] PHP   3. require_once() /Users/krlmhkl/Local Sites/pilots/app/public/wp-blog-header.php:13
[28-Apr-2022 22:27:35 UTC] PHP   4. require_once() /Users/krlmhkl/Local Sites/pilots/app/public/wp-load.php:50
[28-Apr-2022 22:27:35 UTC] PHP   5. require_once() /Users/krlmhkl/Local Sites/pilots/app/public/wp-config.php:91
[28-Apr-2022 22:27:35 UTC] PHP   6. do_action() /Users/krlmhkl/Local Sites/pilots/app/public/wp-settings.php:565
[28-Apr-2022 22:27:35 UTC] PHP   7. WP_Hook->do_action() /Users/krlmhkl/Local Sites/pilots/app/public/wp-includes/plugin.php:474
[28-Apr-2022 22:27:35 UTC] PHP   8. WP_Hook->apply_filters() /Users/krlmhkl/Local Sites/pilots/app/public/wp-includes/class-wp-hook.php:331
[28-Apr-2022 22:27:47 UTC] PHP Warning:  call_user_func_array() expects parameter 1 to be a valid callback, function 'config_custom_logo' not found or invalid function name in /Users/krlmhkl/Local Sites/pilots/app/public/wp-includes/class-wp-hook.php on line 307
[28-Apr-2022 22:27:47 UTC] PHP Stack trace:
[28-Apr-2022 22:27:47 UTC] PHP   1. {main}() /Users/krlmhkl/Local Sites/pilots/app/public/wp-admin/async-upload.php:0
[28-Apr-2022 22:27:47 UTC] PHP   2. require_once() /Users/krlmhkl/Local Sites/pilots/app/public/wp-admin/async-upload.php:20
[28-Apr-2022 22:27:47 UTC] PHP   3. require_once() /Users/krlmhkl/Local Sites/pilots/app/public/wp-load.php:50
[28-Apr-2022 22:27:47 UTC] PHP   4. require_once() /Users/krlmhkl/Local Sites/pilots/app/public/wp-config.php:91
[28-Apr-2022 22:27:47 UTC] PHP   5. do_action() /Users/krlmhkl/Local Sites/pilots/app/public/wp-settings.php:565
[28-Apr-2022 22:27:47 UTC] PHP   6. WP_Hook->do_action() /Users/krlmhkl/Local Sites/pilots/app/public/wp-includes/plugin.php:474
[28-Apr-2022 22:27:47 UTC] PHP   7. WP_Hook->apply_filters() /Users/krlmhkl/Local Sites/pilots/app/public/wp-includes/class-wp-hook.php:331
[28-Apr-2022 22:28:13 UTC] PHP Warning:  call_user_func_array() expects parameter 1 to be a valid callback, function 'config_custom_logo' not found or invalid function name in /Users/krlmhkl/Local Sites/pilots/app/public/wp-includes/class-wp-hook.php on line 307
[28-Apr-2022 22:28:13 UTC] PHP Stack trace:
[28-Apr-2022 22:28:13 UTC] PHP   1. {main}() /Users/krlmhkl/Local Sites/pilots/app/public/wp-admin/admin-ajax.php:0
[28-Apr-2022 22:28:13 UTC] PHP   2. require_once() /Users/krlmhkl/Local Sites/pilots/app/public/wp-admin/admin-ajax.php:22
[28-Apr-2022 22:28:13 UTC] PHP   3. require_once() /Users/krlmhkl/Local Sites/pilots/app/public/wp-load.php:50
[28-Apr-2022 22:28:13 UTC] PHP   4. require_once() /Users/krlmhkl/Local Sites/pilots/app/public/wp-config.php:91
[28-Apr-2022 22:28:13 UTC] PHP   5. do_action() /Users/krlmhkl/Local Sites/pilots/app/public/wp-settings.php:565
[28-Apr-2022 22:28:13 UTC] PHP   6. WP_Hook->do_action() /Users/krlmhkl/Local Sites/pilots/app/public/wp-includes/plugin.php:474
[28-Apr-2022 22:28:13 UTC] PHP   7. WP_Hook->apply_filters() /Users/krlmhkl/Local Sites/pilots/app/public/wp-includes/class-wp-hook.php:331
[28-Apr-2022 22:28:17 UTC] PHP Warning:  call_user_func_array() expects parameter 1 to be a valid callback, function 'config_custom_logo' not found or invalid function name in /Users/krlmhkl/Local Sites/pilots/app/public/wp-includes/class-wp-hook.php on line 307
[28-Apr-2022 22:28:17 UTC] PHP Stack trace:
[28-Apr-2022 22:28:17 UTC] PHP   1. {main}() /Users/krlmhkl/Local Sites/pilots/app/public/wp-admin/admin-ajax.php:0
[28-Apr-2022 22:28:17 UTC] PHP   2. require_once() /Users/krlmhkl/Local Sites/pilots/app/public/wp-admin/admin-ajax.php:22
[28-Apr-2022 22:28:17 UTC] PHP   3. require_once() /Users/krlmhkl/Local Sites/pilots/app/public/wp-load.php:50
[28-Apr-2022 22:28:17 UTC] PHP   4. require_once() /Users/krlmhkl/Local Sites/pilots/app/public/wp-config.php:91
[28-Apr-2022 22:28:17 UTC] PHP   5. do_action() /Users/krlmhkl/Local Sites/pilots/app/public/wp-settings.php:565
[28-Apr-2022 22:28:17 UTC] PHP   6. WP_Hook->do_action() /Users/krlmhkl/Local Sites/pilots/app/public/wp-includes/plugin.php:474
[28-Apr-2022 22:28:17 UTC] PHP   7. WP_Hook->apply_filters() /Users/krlmhkl/Local Sites/pilots/app/public/wp-includes/class-wp-hook.php:331
[28-Apr-2022 22:28:25 UTC] PHP Warning:  call_user_func_array() expects parameter 1 to be a valid callback, function 'config_custom_logo' not found or invalid function name in /Users/krlmhkl/Local Sites/pilots/app/public/wp-includes/class-wp-hook.php on line 307
[28-Apr-2022 22:28:25 UTC] PHP Stack trace:
[28-Apr-2022 22:28:25 UTC] PHP   1. {main}() /Users/krlmhkl/Local Sites/pilots/app/public/wp-admin/admin-ajax.php:0
[28-Apr-2022 22:28:25 UTC] PHP   2. require_once() /Users/krlmhkl/Local Sites/pilots/app/public/wp-admin/admin-ajax.php:22
[28-Apr-2022 22:28:25 UTC] PHP   3. require_once() /Users/krlmhkl/Local Sites/pilots/app/public/wp-load.php:50
[28-Apr-2022 22:28:25 UTC] PHP   4. require_once() /Users/krlmhkl/Local Sites/pilots/app/public/wp-config.php:91
[28-Apr-2022 22:28:25 UTC] PHP   5. do_action() /Users/krlmhkl/Local Sites/pilots/app/public/wp-settings.php:565
[28-Apr-2022 22:28:25 UTC] PHP   6. WP_Hook->do_action() /Users/krlmhkl/Local Sites/pilots/app/public/wp-includes/plugin.php:474
[28-Apr-2022 22:28:25 UTC] PHP   7. WP_Hook->apply_filters() /Users/krlmhkl/Local Sites/pilots/app/public/wp-includes/class-wp-hook.php:331
[28-Apr-2022 22:28:34 UTC] PHP Warning:  call_user_func_array() expects parameter 1 to be a valid callback, function 'config_custom_logo' not found or invalid function name in /Users/krlmhkl/Local Sites/pilots/app/public/wp-includes/class-wp-hook.php on line 307
[28-Apr-2022 22:28:34 UTC] PHP Stack trace:
[28-Apr-2022 22:28:34 UTC] PHP   1. {main}() /Users/krlmhkl/Local Sites/pilots/app/public/wp-admin/admin-ajax.php:0
[28-Apr-2022 22:28:34 UTC] PHP   2. require_once() /Users/krlmhkl/Local Sites/pilots/app/public/wp-admin/admin-ajax.php:22
[28-Apr-2022 22:28:34 UTC] PHP   3. require_once() /Users/krlmhkl/Local Sites/pilots/app/public/wp-load.php:50
[28-Apr-2022 22:28:34 UTC] PHP   4. require_once() /Users/krlmhkl/Local Sites/pilots/app/public/wp-config.php:91
[28-Apr-2022 22:28:34 UTC] PHP   5. do_action() /Users/krlmhkl/Local Sites/pilots/app/public/wp-settings.php:565
[28-Apr-2022 22:28:34 UTC] PHP   6. WP_Hook->do_action() /Users/krlmhkl/Local Sites/pilots/app/public/wp-includes/plugin.php:474
[28-Apr-2022 22:28:34 UTC] PHP   7. WP_Hook->apply_filters() /Users/krlmhkl/Local Sites/pilots/app/public/wp-includes/class-wp-hook.php:331
[28-Apr-2022 22:30:35 UTC] PHP Warning:  call_user_func_array() expects parameter 1 to be a valid callback, function 'config_custom_logo' not found or invalid function name in /Users/krlmhkl/Local Sites/pilots/app/public/wp-includes/class-wp-hook.php on line 307
[28-Apr-2022 22:30:35 UTC] PHP Stack trace:
[28-Apr-2022 22:30:35 UTC] PHP   1. {main}() /Users/krlmhkl/Local Sites/pilots/app/public/wp-admin/admin-ajax.php:0
[28-Apr-2022 22:30:35 UTC] PHP   2. require_once() /Users/krlmhkl/Local Sites/pilots/app/public/wp-admin/admin-ajax.php:22
[28-Apr-2022 22:30:35 UTC] PHP   3. require_once() /Users/krlmhkl/Local Sites/pilots/app/public/wp-load.php:50
[28-Apr-2022 22:30:35 UTC] PHP   4. require_once() /Users/krlmhkl/Local Sites/pilots/app/public/wp-config.php:91
[28-Apr-2022 22:30:35 UTC] PHP   5. do_action() /Users/krlmhkl/Local Sites/pilots/app/public/wp-settings.php:565
[28-Apr-2022 22:30:35 UTC] PHP   6. WP_Hook->do_action() /Users/krlmhkl/Local Sites/pilots/app/public/wp-includes/plugin.php:474
[28-Apr-2022 22:30:35 UTC] PHP   7. WP_Hook->apply_filters() /Users/krlmhkl/Local Sites/pilots/app/public/wp-includes/class-wp-hook.php:331
[28-Apr-2022 22:31:32 UTC] PHP Warning:  call_user_func_array() expects parameter 1 to be a valid callback, function 'config_custom_logo' not found or invalid function name in /Users/krlmhkl/Local Sites/pilots/app/public/wp-includes/class-wp-hook.php on line 307
[28-Apr-2022 22:31:32 UTC] PHP Stack trace:
[28-Apr-2022 22:31:32 UTC] PHP   1. {main}() /Users/krlmhkl/Local Sites/pilots/app/public/index.php:0
[28-Apr-2022 22:31:32 UTC] PHP   2. require() /Users/krlmhkl/Local Sites/pilots/app/public/index.php:17
[28-Apr-2022 22:31:32 UTC] PHP   3. require_once() /Users/krlmhkl/Local Sites/pilots/app/public/wp-blog-header.php:13
[28-Apr-2022 22:31:32 UTC] PHP   4. require_once() /Users/krlmhkl/Local Sites/pilots/app/public/wp-load.php:50
[28-Apr-2022 22:31:32 UTC] PHP   5. require_once() /Users/krlmhkl/Local Sites/pilots/app/public/wp-config.php:91
[28-Apr-2022 22:31:32 UTC] PHP   6. do_action() /Users/krlmhkl/Local Sites/pilots/app/public/wp-settings.php:565
[28-Apr-2022 22:31:32 UTC] PHP   7. WP_Hook->do_action() /Users/krlmhkl/Local Sites/pilots/app/public/wp-includes/plugin.php:474
[28-Apr-2022 22:31:32 UTC] PHP   8. WP_Hook->apply_filters() /Users/krlmhkl/Local Sites/pilots/app/public/wp-includes/class-wp-hook.php:331
[28-Apr-2022 22:31:32 UTC] PHP Warning:  call_user_func_array() expects parameter 1 to be a valid callback, function 'config_custom_logo' not found or invalid function name in /Users/krlmhkl/Local Sites/pilots/app/public/wp-includes/class-wp-hook.php on line 307
[28-Apr-2022 22:31:32 UTC] PHP Stack trace:
[28-Apr-2022 22:31:32 UTC] PHP   1. {main}() /Users/krlmhkl/Local Sites/pilots/app/public/index.php:0
[28-Apr-2022 22:31:32 UTC] PHP   2. require() /Users/krlmhkl/Local Sites/pilots/app/public/index.php:17
[28-Apr-2022 22:31:32 UTC] PHP   3. require_once() /Users/krlmhkl/Local Sites/pilots/app/public/wp-blog-header.php:13
[28-Apr-2022 22:31:32 UTC] PHP   4. require_once() /Users/krlmhkl/Local Sites/pilots/app/public/wp-load.php:50
[28-Apr-2022 22:31:32 UTC] PHP   5. require_once() /Users/krlmhkl/Local Sites/pilots/app/public/wp-config.php:91
[28-Apr-2022 22:31:32 UTC] PHP   6. do_action() /Users/krlmhkl/Local Sites/pilots/app/public/wp-settings.php:565
[28-Apr-2022 22:31:32 UTC] PHP   7. WP_Hook->do_action() /Users/krlmhkl/Local Sites/pilots/app/public/wp-includes/plugin.php:474
[28-Apr-2022 22:31:32 UTC] PHP   8. WP_Hook->apply_filters() /Users/krlmhkl/Local Sites/pilots/app/public/wp-includes/class-wp-hook.php:331
[28-Apr-2022 22:31:33 UTC] PHP Warning:  call_user_func_array() expects parameter 1 to be a valid callback, function 'config_custom_logo' not found or invalid function name in /Users/krlmhkl/Local Sites/pilots/app/public/wp-includes/class-wp-hook.php on line 307
[28-Apr-2022 22:31:33 UTC] PHP Stack trace:
[28-Apr-2022 22:31:33 UTC] PHP   1. {main}() /Users/krlmhkl/Local Sites/pilots/app/public/index.php:0
[28-Apr-2022 22:31:33 UTC] PHP   2. require() /Users/krlmhkl/Local Sites/pilots/app/public/index.php:17
[28-Apr-2022 22:31:33 UTC] PHP   3. require_once() /Users/krlmhkl/Local Sites/pilots/app/public/wp-blog-header.php:13
[28-Apr-2022 22:31:33 UTC] PHP   4. require_once() /Users/krlmhkl/Local Sites/pilots/app/public/wp-load.php:50
[28-Apr-2022 22:31:33 UTC] PHP   5. require_once() /Users/krlmhkl/Local Sites/pilots/app/public/wp-config.php:91
[28-Apr-2022 22:31:33 UTC] PHP   6. do_action() /Users/krlmhkl/Local Sites/pilots/app/public/wp-settings.php:565
[28-Apr-2022 22:31:33 UTC] PHP   7. WP_Hook->do_action() /Users/krlmhkl/Local Sites/pilots/app/public/wp-includes/plugin.php:474
[28-Apr-2022 22:31:33 UTC] PHP   8. WP_Hook->apply_filters() /Users/krlmhkl/Local Sites/pilots/app/public/wp-includes/class-wp-hook.php:331
[29-Apr-2022 10:42:00 UTC] PHP Parse error:  syntax error, unexpected 'get_bloginfo' (T_STRING) in /Users/krlmhkl/Local Sites/pilots/app/public/wp-content/themes/test-theme/header.php on line 28
[29-Apr-2022 10:42:11 UTC] PHP Parse error:  syntax error, unexpected 'get_bloginfo' (T_STRING) in /Users/krlmhkl/Local Sites/pilots/app/public/wp-content/themes/test-theme/header.php on line 28
[03-May-2022 07:28:45 UTC] PHP Warning:  An unexpected error occurred. Something may be wrong with WordPress.org or this server&#8217;s configuration. If you continue to have problems, please try the <a href="https://wordpress.org/support/forums/">support forums</a>. (WordPress could not establish a secure connection to WordPress.org. Please contact your server administrator.) in /Users/krlmhkl/Local Sites/pilots/app/public/wp-includes/update.php on line 175
[03-May-2022 07:28:45 UTC] PHP Stack trace:
[03-May-2022 07:28:45 UTC] PHP   1. {main}() /Users/krlmhkl/Local Sites/pilots/app/public/wp-cron.php:0
[03-May-2022 07:28:45 UTC] PHP   2. do_action_ref_array() /Users/krlmhkl/Local Sites/pilots/app/public/wp-cron.php:138
[03-May-2022 07:28:45 UTC] PHP   3. WP_Hook->do_action() /Users/krlmhkl/Local Sites/pilots/app/public/wp-includes/plugin.php:522
[03-May-2022 07:28:45 UTC] PHP   4. WP_Hook->apply_filters() /Users/krlmhkl/Local Sites/pilots/app/public/wp-includes/class-wp-hook.php:331
[03-May-2022 07:28:45 UTC] PHP   5. wp_version_check() /Users/krlmhkl/Local Sites/pilots/app/public/wp-includes/class-wp-hook.php:307
[03-May-2022 07:28:45 UTC] PHP   6. trigger_error() /Users/krlmhkl/Local Sites/pilots/app/public/wp-includes/update.php:175
[10-May-2022 18:53:47 UTC] WordPress database error Table 'local.gmp_markers' doesn't exist for query SELECT id, marker_group_id FROM gmp_markers made by activate_plugin, plugin_sandbox_scrape, include_once('/plugins/google-maps-easy/gmp.php'), installerGmp::update, installerGmp::init
[10-May-2022 18:53:47 UTC] WordPress database error Table 'local.gmp_markers' doesn't exist for query SELECT id, marker_group_id FROM gmp_markers made by activate_plugin, do_action('activate_google-maps-easy/gmp.php'), WP_Hook->do_action, WP_Hook->apply_filters, utilsGmp::activatePlugin, installerGmp::init
[10-May-2022 19:06:59 UTC] PHP Fatal error:  Uncaught Error: Call to a member function update() on null in /Users/krlmhkl/Local Sites/pilots/app/public/wp-content/plugins/google-maps-easy/modules/marker/models/marker.php:491
Stack trace:
#0 /Users/krlmhkl/Local Sites/pilots/app/public/wp-content/plugins/google-maps-easy/modules/gmap/controller.php(45): markerModelGmp->setMarkersToMap(Array, 1)
#1 /Users/krlmhkl/Local Sites/pilots/app/public/wp-includes/class-wp-hook.php(307): gmapControllerGmp->save('')
#2 /Users/krlmhkl/Local Sites/pilots/app/public/wp-includes/class-wp-hook.php(331): WP_Hook->apply_filters('', Array)
#3 /Users/krlmhkl/Local Sites/pilots/app/public/wp-includes/plugin.php(474): WP_Hook->do_action(Array)
#4 /Users/krlmhkl/Local Sites/pilots/app/public/wp-admin/admin-ajax.php(187): do_action('wp_ajax_save')
#5 {main}
  thrown in /Users/krlmhkl/Local Sites/pilots/app/public/wp-content/plugins/google-maps-easy/modules/marker/models/marker.php on line 491
